<?xml version="1.0" encoding="UTF-8"?>
<!-- Generated by org.testng.reporters.JUnitReportReporter -->
<testsuite skipped="0" hostname="DESKTOP-LAJK78K" name="Selenium.demo.FacebookTest" tests="2" failures="0" timestamp="10 Feb 2019 18:05:51 GMT" time="64.577" errors="0">
  <testcase name="Login" time="32.414" classname="Selenium.demo.FacebookTest"/>
  <testcase name="Login" time="32.163" classname="Selenium.demo.FacebookTest"/>
</testsuite> <!-- Selenium.demo.FacebookTest -->
