<?xml version="1.0" encoding="UTF-8"?>
<!-- Generated by org.testng.reporters.JUnitReportReporter -->
<testsuite skipped="0" hostname="DESKTOP-LAJK78K" name="Selenium.demo.Fun" tests="1" failures="0" timestamp="12 Feb 2019 16:08:27 GMT" time="0.010" errors="0">
  <testcase name="done" time="0.010" classname="Selenium.demo.Fun"/>
</testsuite> <!-- Selenium.demo.Fun -->
