<?xml version="1.0" encoding="UTF-8"?>
<!-- Generated by org.testng.reporters.JUnitReportReporter -->
<testsuite skipped="0" hostname="DESKTOP-LAJK78K" name="Selenium.demo.ExcelRead" tests="1" failures="0" timestamp="03 Mar 2019 16:32:03 GMT" time="0.479" errors="0">
  <testcase name="readData" time="0.479" classname="Selenium.demo.ExcelRead"/>
</testsuite> <!-- Selenium.demo.ExcelRead -->
