<?xml version="1.0" encoding="UTF-8"?>
<!-- Generated by org.testng.reporters.JUnitReportReporter -->
<testsuite skipped="0" hostname="DESKTOP-LAJK78K" name="Selenium.demo.Datapro" tests="8" failures="0" timestamp="04 Mar 2019 15:13:49 GMT" time="0.013" errors="0">
  <testcase name="readData" time="0.001" classname="Selenium.demo.Datapro"/>
  <testcase name="readData" time="0.000" classname="Selenium.demo.Datapro"/>
  <testcase name="readData" time="0.001" classname="Selenium.demo.Datapro"/>
  <testcase name="readData" time="0.001" classname="Selenium.demo.Datapro"/>
  <testcase name="readData" time="0.001" classname="Selenium.demo.Datapro"/>
  <testcase name="readData" time="0.000" classname="Selenium.demo.Datapro"/>
  <testcase name="readData" time="0.008" classname="Selenium.demo.Datapro"/>
  <testcase name="readData" time="0.001" classname="Selenium.demo.Datapro"/>
</testsuite> <!-- Selenium.demo.Datapro -->
