<?xml version="1.0" encoding="UTF-8"?>
<!-- Generated by org.testng.reporters.JUnitReportReporter -->
<testsuite hostname="DESKTOP-LAJK78K" name="Selenium.demo.Fun" tests="1" failures="0" timestamp="9 Dec 2018 14:10:59 GMT" time="0.000" errors="0">
  <testcase name="done" time="0.000" classname="Selenium.demo.Fun"/>
</testsuite> <!-- Selenium.demo.Fun -->
